<?xml version="1.0" encoding="UTF-8"?>
<testsuite xmlns:xsi="http://www.w3.org/2001/XMLSchema-instance" xsi:noNamespaceSchemaLocation="https://maven.apache.org/surefire/maven-surefire-plugin/xsd/surefire-test-report-3.0.xsd" version="3.0" name="TestSuite" time="3.71" tests="2" errors="0" skipped="1" failures="1">
  <properties>
[...]
</properties>
  <testcase name="openBrowser" classname="demo.NewTest" time="3.497">
    <failure message="session not created: This version of ChromeDriver only supports Chrome version 110&#10;Current browser version is 112.0.5615.121 with binary path C:\Program Files\Google\Chrome\Application\chrome.exe&#10;Build info: version: &apos;3.141.59&apos;, revision: &apos;e82be7d358&apos;, time: &apos;2018-11-14T08:17:03&apos;&#10;System info: host: &apos;LAPTOP-94L2VPM3&apos;, ip: &apos;192.168.105.16&apos;, os.name: &apos;Windows 11&apos;, os.arch: &apos;amd64&apos;, os.version: &apos;10.0&apos;, java.version: &apos;17.0.5&apos;&#10;Driver info: driver.version: ChromeDriver&#10;remote stacktrace: Backtrace:&#10;	(No symbol) [0x011C37D3]&#10;	(No symbol) [0x01158B81]&#10;	(No symbol) [0x0105B36D]&#10;	(No symbol) [0x0107ED6D]&#10;	(No symbol) [0x01079B90]&#10;	(No symbol) [0x01076FC9]&#10;	(No symbol) [0x010B1ED5]&#10;	(No symbol) [0x010B1B2C]&#10;	(No symbol) [0x010AB216]&#10;	(No symbol) [0x01080D97]&#10;	(No symbol) [0x0108253D]&#10;	GetHandleVerifier [0x0143ABF2+2510930]&#10;	GetHandleVerifier [0x01468EC1+2700065]&#10;	GetHandleVerifier [0x0146C86C+2714828]&#10;	GetHandleVerifier [0x01273480+645344]&#10;	(No symbol) [0x01160FD2]&#10;	(No symbol) [0x01166C68]&#10;	(No symbol) [0x01166D4B]&#10;	(No symbol) [0x01170D6B]&#10;	BaseThreadInitThunk [0x760C7D69+25]&#10;	RtlInitializeExceptionChain [0x7753B74B+107]&#10;	RtlClearBits [0x7753B6CF+191]&#10;" type="org.openqa.selenium.SessionNotCreatedException"><![CDATA[org.openqa.selenium.SessionNotCreatedException: 
session not created: This version of ChromeDriver only supports Chrome version 110
Current browser version is 112.0.5615.121 with binary path C:\Program Files\Google\Chrome\Application\chrome.exe
Build info: version: '3.141.59', revision: 'e82be7d358', time: '2018-11-14T08:17:03'
System info: host: 'LAPTOP-94L2VPM3', ip: '192.168.105.16', os.name: 'Windows 11', os.arch: 'amd64', os.version: '10.0', java.version: '17.0.5'
Driver info: driver.version: ChromeDriver
remote stacktrace: Backtrace:
	(No symbol) [0x011C37D3]
	(No symbol) [0x01158B81]
	(No symbol) [0x0105B36D]
	(No symbol) [0x0107ED6D]
	(No symbol) [0x01079B90]
	(No symbol) [0x01076FC9]
	(No symbol) [0x010B1ED5]
	(No symbol) [0x010B1B2C]
	(No symbol) [0x010AB216]
	(No symbol) [0x01080D97]
	(No symbol) [0x0108253D]
	GetHandleVerifier [0x0143ABF2+2510930]
	GetHandleVerifier [0x01468EC1+2700065]
	GetHandleVerifier [0x0146C86C+2714828]
	GetHandleVerifier [0x01273480+645344]
	(No symbol) [0x01160FD2]
	(No symbol) [0x01166C68]
	(No symbol) [0x01166D4B]
	(No symbol) [0x01170D6B]
	BaseThreadInitThunk [0x760C7D69+25]
	RtlInitializeExceptionChain [0x7753B74B+107]
	RtlClearBits [0x7753B6CF+191]

	at java.base/jdk.internal.reflect.NativeConstructorAccessorImpl.newInstance0(Native Method)
	at java.base/jdk.internal.reflect.NativeConstructorAccessorImpl.newInstance(NativeConstructorAccessorImpl.java:77)
	at java.base/jdk.internal.reflect.DelegatingConstructorAccessorImpl.newInstance(DelegatingConstructorAccessorImpl.java:45)
	at java.base/java.lang.reflect.Constructor.newInstanceWithCaller(Constructor.java:499)
	at java.base/java.lang.reflect.Constructor.newInstance(Constructor.java:480)
	at org.openqa.selenium.remote.W3CHandshakeResponse.lambda$errorHandler$0(W3CHandshakeResponse.java:62)
	at org.openqa.selenium.remote.HandshakeResponse.lambda$getResponseFunction$0(HandshakeResponse.java:30)
	at org.openqa.selenium.remote.ProtocolHandshake.lambda$createSession$0(ProtocolHandshake.java:126)
	at java.base/java.util.stream.ReferencePipeline$3$1.accept(ReferencePipeline.java:197)
	at java.base/java.util.Spliterators$ArraySpliterator.tryAdvance(Spliterators.java:1002)
	at java.base/java.util.stream.ReferencePipeline.forEachWithCancel(ReferencePipeline.java:129)
	at java.base/java.util.stream.AbstractPipeline.copyIntoWithCancel(AbstractPipeline.java:527)
	at java.base/java.util.stream.AbstractPipeline.copyInto(AbstractPipeline.java:513)
	at java.base/java.util.stream.AbstractPipeline.wrapAndCopyInto(AbstractPipeline.java:499)
	at java.base/java.util.stream.FindOps$FindOp.evaluateSequential(FindOps.java:150)
	at java.base/java.util.stream.AbstractPipeline.evaluate(AbstractPipeline.java:234)
	at java.base/java.util.stream.ReferencePipeline.findFirst(ReferencePipeline.java:647)
	at org.openqa.selenium.remote.ProtocolHandshake.createSession(ProtocolHandshake.java:128)
	at org.openqa.selenium.remote.ProtocolHandshake.createSession(ProtocolHandshake.java:74)
	at org.openqa.selenium.remote.HttpCommandExecutor.execute(HttpCommandExecutor.java:136)
	at org.openqa.selenium.remote.service.DriverCommandExecutor.execute(DriverCommandExecutor.java:83)
	at org.openqa.selenium.remote.RemoteWebDriver.execute(RemoteWebDriver.java:552)
	at org.openqa.selenium.remote.RemoteWebDriver.startSession(RemoteWebDriver.java:213)
	at org.openqa.selenium.remote.RemoteWebDriver.<init>(RemoteWebDriver.java:131)
	at org.openqa.selenium.chrome.ChromeDriver.<init>(ChromeDriver.java:181)
	at org.openqa.selenium.chrome.ChromeDriver.<init>(ChromeDriver.java:168)
	at org.openqa.selenium.chrome.ChromeDriver.<init>(ChromeDriver.java:123)
	at demo.NewTest.openBrowser(NewTest.java:16)
	at java.base/jdk.internal.reflect.NativeMethodAccessorImpl.invoke0(Native Method)
	at java.base/jdk.internal.reflect.NativeMethodAccessorImpl.invoke(NativeMethodAccessorImpl.java:77)
	at java.base/jdk.internal.reflect.DelegatingMethodAccessorImpl.invoke(DelegatingMethodAccessorImpl.java:43)
	at java.base/java.lang.reflect.Method.invoke(Method.java:568)
	at org.testng.internal.MethodInvocationHelper.invokeMethod(MethodInvocationHelper.java:124)
	at org.testng.internal.MethodInvocationHelper.invokeMethodConsideringTimeout(MethodInvocationHelper.java:59)
	at org.testng.internal.Invoker.invokeConfigurationMethod(Invoker.java:458)
	at org.testng.internal.Invoker.invokeConfigurations(Invoker.java:222)
	at org.testng.internal.Invoker.invokeConfigurations(Invoker.java:142)
	at org.testng.SuiteRunner.privateRun(SuiteRunner.java:401)
	at org.testng.SuiteRunner.run(SuiteRunner.java:364)
	at org.testng.SuiteRunnerWorker.runSuite(SuiteRunnerWorker.java:52)
	at org.testng.SuiteRunnerWorker.run(SuiteRunnerWorker.java:84)
	at org.testng.TestNG.runSuitesSequentially(TestNG.java:1208)
	at org.testng.TestNG.runSuitesLocally(TestNG.java:1137)
	at org.testng.TestNG.runSuites(TestNG.java:1049)
	at org.testng.TestNG.run(TestNG.java:1017)
	at org.apache.maven.surefire.testng.TestNGExecutor.run(TestNGExecutor.java:308)
	at org.apache.maven.surefire.testng.TestNGXmlTestSuite.execute(TestNGXmlTestSuite.java:71)
	at org.apache.maven.surefire.testng.TestNGProvider.invoke(TestNGProvider.java:113)
	at org.apache.maven.surefire.booter.ForkedBooter.runSuitesInProcess(ForkedBooter.java:385)
	at org.apache.maven.surefire.booter.ForkedBooter.execute(ForkedBooter.java:162)
	at org.apache.maven.surefire.booter.ForkedBooter.run(ForkedBooter.java:507)
	at org.apache.maven.surefire.booter.ForkedBooter.main(ForkedBooter.java:495)
]]></failure>
    <system-out><![CDATA[[TestNGContentHandler] [WARN] It is strongly recommended to add "<!DOCTYPE suite SYSTEM "http://testng.org/testng-1.0.dtd" >" at the top of your file, otherwise TestNG may fail or not work as expected.
]]></system-out>
    <system-err><![CDATA[Starting ChromeDriver 110.0.5481.77 (65ed616c6e8ee3fe0ad64fe83796c020644d42af-refs/branch-heads/5481@{#839}) on port 11905
Only local connections are allowed.
Please see https://chromedriver.chromium.org/security-considerations for suggestions on keeping ChromeDriver safe.
ChromeDriver was started successfully.
]]></system-err>
  </testcase>
  <testcase name="f" classname="demo.NewTest" time="0">
    <skipped message="session not created: This version of ChromeDriver only supports Chrome version 110&#10;Current browser version is 112.0.5615.121 with binary path C:\Program Files\Google\Chrome\Application\chrome.exe&#10;Build info: version: &apos;3.141.59&apos;, revision: &apos;e82be7d358&apos;, time: &apos;2018-11-14T08:17:03&apos;&#10;System info: host: &apos;LAPTOP-94L2VPM3&apos;, ip: &apos;192.168.105.16&apos;, os.name: &apos;Windows 11&apos;, os.arch: &apos;amd64&apos;, os.version: &apos;10.0&apos;, java.version: &apos;17.0.5&apos;&#10;Driver info: driver.version: ChromeDriver&#10;remote stacktrace: Backtrace:&#10;	(No symbol) [0x011C37D3]&#10;	(No symbol) [0x01158B81]&#10;	(No symbol) [0x0105B36D]&#10;	(No symbol) [0x0107ED6D]&#10;	(No symbol) [0x01079B90]&#10;	(No symbol) [0x01076FC9]&#10;	(No symbol) [0x010B1ED5]&#10;	(No symbol) [0x010B1B2C]&#10;	(No symbol) [0x010AB216]&#10;	(No symbol) [0x01080D97]&#10;	(No symbol) [0x0108253D]&#10;	GetHandleVerifier [0x0143ABF2+2510930]&#10;	GetHandleVerifier [0x01468EC1+2700065]&#10;	GetHandleVerifier [0x0146C86C+2714828]&#10;	GetHandleVerifier [0x01273480+645344]&#10;	(No symbol) [0x01160FD2]&#10;	(No symbol) [0x01166C68]&#10;	(No symbol) [0x01166D4B]&#10;	(No symbol) [0x01170D6B]&#10;	BaseThreadInitThunk [0x760C7D69+25]&#10;	RtlInitializeExceptionChain [0x7753B74B+107]&#10;	RtlClearBits [0x7753B6CF+191]&#10;"/>
  </testcase>
</testsuite>