<?xml version="1.0" encoding="UTF-8"?>
<!-- Generated by org.testng.reporters.JUnitXMLReporter -->
<testsuite ignored="0" hostname="LAPTOP-94L2VPM3" failures="1" tests="1" name="firefoxTest" time="0.066" errors="0" timestamp="2023-03-25T11:50:25 IST">
  <testcase classname="testng.CrossBrwsrByParameters" name="f" time="0.012">
    <failure type="java.lang.NullPointerException" message="Cannot invoke &amp;quot;org.openqa.selenium.WebDriver.manage()&amp;quot; because &amp;quot;this.wd&amp;quot; is null">
      <![CDATA[java.lang.NullPointerException: Cannot invoke "org.openqa.selenium.WebDriver.manage()" because "this.wd" is null
at testng.CrossBrwsrByParameters.f(CrossBrwsrByParameters.java:25)
at java.base/java.util.ArrayList.forEach(ArrayList.java:1511)
... Removed 27 stack frames]]>
    </failure>
  </testcase> <!-- f -->
</testsuite> <!-- firefoxTest -->
